0 info it worked if it ends with ok
1 verbose cli [ 'C:\\Program Files (x86)\\nodejs\\\\node.exe',
1 verbose cli   'C:\\Program Files (x86)\\nodejs\\node_modules\\npm\\bin\\npm-cli.js',
1 verbose cli   'link' ]
2 info using npm@1.4.9
3 info using node@v0.10.28
4 verbose node symlink C:\Program Files (x86)\nodejs\\node.exe
5 verbose linkPkg C:\Users\dave\Documents\GitHub\jstraining\Tutorials\boilerplate\api
6 error Error: ENOENT, open 'C:\Users\dave\Documents\GitHub\jstraining\Tutorials\boilerplate\api\package.json'
7 error If you need help, you may report this *entire* log,
7 error including the npm and node versions, at:
7 error     <http://github.com/npm/npm/issues>
8 error System Windows_NT 6.2.9200
9 error command "C:\\Program Files (x86)\\nodejs\\\\node.exe" "C:\\Program Files (x86)\\nodejs\\node_modules\\npm\\bin\\npm-cli.js" "link"
10 error cwd C:\Users\dave\Documents\GitHub\jstraining\Tutorials\boilerplate\api
11 error node -v v0.10.28
12 error npm -v 1.4.9
13 error path C:\Users\dave\Documents\GitHub\jstraining\Tutorials\boilerplate\api\package.json
14 error code ENOENT
15 error errno 34
16 verbose exit [ 34, true ]
